2022-07-20 14:40:08,871 - elsapy.elsclient - INFO - Module loaded.
2022-07-20 14:40:09,823 - elsapy.elsentity - INFO - Module loaded.
2022-07-20 14:40:09,824 - elsapy.utils - INFO - Module loaded.
2022-07-20 14:40:09,825 - elsapy.elsprofile - INFO - Module loaded.
2022-07-20 14:40:09,825 - elsapy.elsdoc - INFO - Module loaded.
2022-07-20 14:40:09,827 - elsapy.elssearch - INFO - Module loaded.
2022-07-20 14:40:09,884 - elsapy.elsclient - INFO - Sending GET request to https://api.elsevier.com/content/author/author_id/7004367821
2022-07-20 14:40:10,094 - elsapy.elsentity - WARNING - HTTP 401 Error from https://api.elsevier.com/content/author/author_id/7004367821
and using headers {'X-ELS-APIKey': 'ENTER_APIKEY_HERE', 'User-Agent': 'elsapy-v0.5.0', 'Accept': 'application/json'}:
{"error-response":{"error-code":"APIKEY_INVALID","error-message":"The provided apiKey is invalid."}}
2022-07-20 14:40:11,109 - elsapy.elsclient - INFO - Sending GET request to https://api.elsevier.com/content/affiliation/affiliation_id/60101411
2022-07-20 14:40:11,242 - elsapy.elsentity - WARNING - HTTP 401 Error from https://api.elsevier.com/content/affiliation/affiliation_id/60101411
and using headers {'X-ELS-APIKey': 'ENTER_APIKEY_HERE', 'User-Agent': 'elsapy-v0.5.0', 'Accept': 'application/json'}:
{"error-response":{"error-code":"APIKEY_INVALID","error-message":"The provided apiKey is invalid."}}
2022-07-20 14:40:12,245 - elsapy.elsclient - INFO - Sending GET request to https://api.elsevier.com/content/abstract/scopus_id/84872135457
2022-07-20 14:40:12,352 - elsapy.elsentity - WARNING - HTTP 401 Error from https://api.elsevier.com/content/abstract/scopus_id/84872135457
and using headers {'X-ELS-APIKey': 'ENTER_APIKEY_HERE', 'User-Agent': 'elsapy-v0.5.0', 'Accept': 'application/json'}:
{"error-response":{"error-code":"APIKEY_INVALID","error-message":"The provided apiKey is invalid."}}
2022-07-20 14:40:13,362 - elsapy.elsclient - INFO - Sending GET request to https://api.elsevier.com/content/article/pii/S1674927814000082
2022-07-20 14:40:13,482 - elsapy.elsentity - WARNING - HTTP 401 Error from https://api.elsevier.com/content/article/pii/S1674927814000082
and using headers {'X-ELS-APIKey': 'ENTER_APIKEY_HERE', 'User-Agent': 'elsapy-v0.5.0', 'Accept': 'application/json'}:
{"error-response":{"error-code":"APIKEY_INVALID","error-message":"The provided apiKey is invalid."}}
2022-07-20 14:40:14,484 - elsapy.elsclient - INFO - Sending GET request to https://api.elsevier.com/content/article/doi/10.1016/S1525-1578(10)60571-5
2022-07-20 14:40:14,592 - elsapy.elsentity - WARNING - HTTP 401 Error from https://api.elsevier.com/content/article/doi/10.1016/S1525-1578(10)60571-5
and using headers {'X-ELS-APIKey': 'ENTER_APIKEY_HERE', 'User-Agent': 'elsapy-v0.5.0', 'Accept': 'application/json'}:
{"error-response":{"error-code":"APIKEY_INVALID","error-message":"The provided apiKey is invalid."}}
2022-07-20 14:40:22,779 - elsapy.elsclient - INFO - Sending GET request to https://api.elsevier.com/content/author/author_id/7004367821?view=documents
2022-07-20 14:40:22,884 - elsapy.elsprofile - WARNING - ('HTTP 401 Error from https://api.elsevier.com/content/author/author_id/7004367821?view=documents\nand using headers {\'X-ELS-APIKey\': \'ENTER_APIKEY_HERE\', \'User-Agent\': \'elsapy-v0.5.0\', \'Accept\': \'application/json\'}:\n{"error-response":{"error-code":"APIKEY_INVALID","error-message":"The provided apiKey is invalid."}}',)
2022-07-20 14:40:23,896 - elsapy.elsclient - INFO - Sending GET request to https://api.elsevier.com/content/affiliation/affiliation_id/60101411?view=documents
2022-07-20 14:40:24,031 - elsapy.elsprofile - WARNING - ('HTTP 401 Error from https://api.elsevier.com/content/affiliation/affiliation_id/60101411?view=documents\nand using headers {\'X-ELS-APIKey\': \'ENTER_APIKEY_HERE\', \'User-Agent\': \'elsapy-v0.5.0\', \'Accept\': \'application/json\'}:\n{"error-response":{"error-code":"APIKEY_INVALID","error-message":"The provided apiKey is invalid."}}',)
2022-07-20 14:40:25,035 - elsapy.elsclient - INFO - Sending GET request to https://api.elsevier.com/content/search/author?query=authlast%28keuskamp%29
2022-07-20 14:41:59,584 - elsapy.elsclient - INFO - Module loaded.
2022-07-20 14:42:00,229 - elsapy.elsentity - INFO - Module loaded.
2022-07-20 14:42:00,230 - elsapy.utils - INFO - Module loaded.
2022-07-20 14:42:00,230 - elsapy.elsprofile - INFO - Module loaded.
2022-07-20 14:42:00,232 - elsapy.elsdoc - INFO - Module loaded.
2022-07-20 14:42:00,233 - elsapy.elssearch - INFO - Module loaded.
2022-07-20 14:42:00,585 - elsapy.elsclient - INFO - Sending GET request to https://api.elsevier.com/content/author/author_id/7004367821
2022-07-20 14:42:01,059 - elsapy.elsentity - INFO - Data loaded for https://api.elsevier.com/content/author/author_id/7004367821
2022-07-20 14:42:01,063 - elsapy.elsentity - INFO - Wrote https://api.elsevier.com/content/author/author_id/7004367821 to file
2022-07-20 14:42:02,060 - elsapy.elsclient - INFO - Sending GET request to https://api.elsevier.com/content/affiliation/affiliation_id/60101411
2022-07-20 14:42:02,342 - elsapy.elsentity - INFO - Data loaded for https://api.elsevier.com/content/affiliation/affiliation_id/60101411
2022-07-20 14:42:02,344 - elsapy.elsentity - INFO - Wrote https://api.elsevier.com/content/affiliation/affiliation_id/60101411 to file
2022-07-20 14:42:03,355 - elsapy.elsclient - INFO - Sending GET request to https://api.elsevier.com/content/abstract/scopus_id/84872135457
2022-07-20 14:42:04,629 - elsapy.elsentity - INFO - Data loaded for https://api.elsevier.com/content/abstract/scopus_id/84872135457
2022-07-20 14:42:04,638 - elsapy.elsentity - INFO - Wrote https://api.elsevier.com/content/abstract/scopus_id/84872135457 to file
2022-07-20 14:42:05,639 - elsapy.elsclient - INFO - Sending GET request to https://api.elsevier.com/content/article/pii/S1674927814000082
2022-07-20 14:42:06,174 - elsapy.elsentity - INFO - Data loaded for https://api.elsevier.com/content/article/pii/S1674927814000082
2022-07-20 14:42:06,176 - elsapy.elsentity - INFO - Wrote https://api.elsevier.com/content/article/pii/S1674927814000082 to file
2022-07-20 14:42:07,180 - elsapy.elsclient - INFO - Sending GET request to https://api.elsevier.com/content/article/doi/10.1016/S1525-1578(10)60571-5
2022-07-20 14:42:07,782 - elsapy.elsentity - INFO - Data loaded for https://api.elsevier.com/content/article/doi/10.1016/S1525-1578(10)60571-5
2022-07-20 14:42:07,786 - elsapy.elsentity - INFO - Wrote https://api.elsevier.com/content/article/doi/10.1016/S1525-1578(10)60571-5 to file
2022-07-20 14:42:12,356 - elsapy.elsclient - INFO - Sending GET request to https://api.elsevier.com/content/author/author_id/7004367821?view=documents
2022-07-20 14:42:12,564 - elsapy.elsprofile - WARNING - ('HTTP 400 Error from https://api.elsevier.com/content/author/author_id/7004367821?view=documents\nand using headers {\'X-ELS-APIKey\': \'5a39b32e6fb41c465949588f0029ac21\', \'User-Agent\': \'elsapy-v0.5.0\', \'Accept\': \'application/json\'}:\n{"service-error":{"status":{"statusCode":"INVALID_INPUT","statusText":"View parameter entered is not valid for this service"}}}',)
2022-07-20 14:42:13,577 - elsapy.elsclient - INFO - Sending GET request to https://api.elsevier.com/content/affiliation/affiliation_id/60101411?view=documents
2022-07-20 14:42:13,785 - elsapy.elsprofile - WARNING - ('HTTP 400 Error from https://api.elsevier.com/content/affiliation/affiliation_id/60101411?view=documents\nand using headers {\'X-ELS-APIKey\': \'5a39b32e6fb41c465949588f0029ac21\', \'User-Agent\': \'elsapy-v0.5.0\', \'Accept\': \'application/json\'}:\n{"service-error":{"status":{"statusCode":"INVALID_INPUT","statusText":"View parameter entered is not valid for this service"}}}',)
2022-07-20 14:42:14,797 - elsapy.elsclient - INFO - Sending GET request to https://api.elsevier.com/content/search/author?query=authlast%28keuskamp%29
2022-07-20 14:42:16,098 - elsapy.elsclient - INFO - Sending GET request to https://api.elsevier.com/content/search/affiliation?query=affil%28amsterdam%29
2022-07-20 14:42:17,611 - elsapy.elsclient - INFO - Sending GET request to https://api.elsevier.com/content/search/scopus?query=AFFIL%28dartmouth%29+AND+AUTHOR-NAME%28lewis%29+AND+PUBYEAR+%3E+2011
2022-07-20 14:42:20,122 - elsapy.elsclient - INFO - Sending GET request to https://api.elsevier.com/content/search/scopus?start=25&count=25&query=AFFIL%28dartmouth%29+AND+AUTHOR-NAME%28lewis%29+AND+PUBYEAR+%3E+2011
2022-07-20 14:42:22,124 - elsapy.elsclient - INFO - Sending GET request to https://api.elsevier.com/content/search/scopus?start=50&count=25&query=AFFIL%28dartmouth%29+AND+AUTHOR-NAME%28lewis%29+AND+PUBYEAR+%3E+2011
2022-07-20 14:42:25,854 - elsapy.elsclient - INFO - Sending GET request to https://api.elsevier.com/content/search/scopus?start=75&count=25&query=AFFIL%28dartmouth%29+AND+AUTHOR-NAME%28lewis%29+AND+PUBYEAR+%3E+2011
2022-07-20 14:42:28,310 - elsapy.elsclient - INFO - Sending GET request to https://api.elsevier.com/content/search/scopus?start=100&count=25&query=AFFIL%28dartmouth%29+AND+AUTHOR-NAME%28lewis%29+AND+PUBYEAR+%3E+2011
2022-07-20 14:42:30,415 - elsapy.elsclient - INFO - Sending GET request to https://api.elsevier.com/content/search/scopus?start=125&count=25&query=AFFIL%28dartmouth%29+AND+AUTHOR-NAME%28lewis%29+AND+PUBYEAR+%3E+2011
2022-07-20 14:42:32,547 - elsapy.elsclient - INFO - Sending GET request to https://api.elsevier.com/content/search/scopus?start=150&count=25&query=AFFIL%28dartmouth%29+AND+AUTHOR-NAME%28lewis%29+AND+PUBYEAR+%3E+2011
2022-07-20 14:42:34,751 - elsapy.elsclient - INFO - Sending GET request to https://api.elsevier.com/content/search/scopus?start=175&count=25&query=AFFIL%28dartmouth%29+AND+AUTHOR-NAME%28lewis%29+AND+PUBYEAR+%3E+2011
2022-07-20 14:42:37,054 - elsapy.elsclient - INFO - Sending GET request to https://api.elsevier.com/content/search/scopus?start=200&count=25&query=AFFIL%28dartmouth%29+AND+AUTHOR-NAME%28lewis%29+AND+PUBYEAR+%3E+2011
2022-07-20 14:42:38,918 - elsapy.elsclient - INFO - Sending GET request to https://api.elsevier.com/content/search/scopus?start=225&count=25&query=AFFIL%28dartmouth%29+AND+AUTHOR-NAME%28lewis%29+AND+PUBYEAR+%3E+2011
2022-07-20 14:42:41,771 - elsapy.elsclient - INFO - Sending GET request to https://api.elsevier.com/content/search/scopus?start=250&count=25&query=AFFIL%28dartmouth%29+AND+AUTHOR-NAME%28lewis%29+AND+PUBYEAR+%3E+2011
2022-07-20 14:42:43,885 - elsapy.elsclient - INFO - Sending GET request to https://api.elsevier.com/content/search/scopus?start=275&count=25&query=AFFIL%28dartmouth%29+AND+AUTHOR-NAME%28lewis%29+AND+PUBYEAR+%3E+2011
2022-07-20 14:42:45,955 - elsapy.elsclient - INFO - Sending GET request to https://api.elsevier.com/content/search/scopus?start=300&count=25&query=AFFIL%28dartmouth%29+AND+AUTHOR-NAME%28lewis%29+AND+PUBYEAR+%3E+2011
2022-07-20 14:42:47,865 - elsapy.elsclient - INFO - Sending GET request to https://api.elsevier.com/content/search/scopus?start=325&count=25&query=AFFIL%28dartmouth%29+AND+AUTHOR-NAME%28lewis%29+AND+PUBYEAR+%3E+2011
2022-07-20 14:42:50,206 - elsapy.elsclient - INFO - Sending GET request to https://api.elsevier.com/content/search/scopus?start=350&count=25&query=AFFIL%28dartmouth%29+AND+AUTHOR-NAME%28lewis%29+AND+PUBYEAR+%3E+2011
2022-07-20 14:42:51,255 - elsapy.utils - INFO - Converting prism:coverDate
2022-07-20 14:42:52,242 - elsapy.elsclient - INFO - Sending GET request to https://api.elsevier.com/content/search/sciencedirect?query=star+trek+vs+star+wars
2022-07-20 14:42:52,509 - elsapy.utils - INFO - Converting prism:coverDate
2022-07-20 14:49:47,878 - elsapy.elsclient - INFO - Module loaded.
2022-07-20 14:49:48,573 - elsapy.elsentity - INFO - Module loaded.
2022-07-20 14:49:48,575 - elsapy.utils - INFO - Module loaded.
2022-07-20 14:49:48,576 - elsapy.elsprofile - INFO - Module loaded.
2022-07-20 14:49:48,576 - elsapy.elsdoc - INFO - Module loaded.
2022-07-20 14:49:48,577 - elsapy.elssearch - INFO - Module loaded.
2022-07-20 14:49:48,883 - elsapy.elsclient - INFO - Sending GET request to https://api.elsevier.com/content/search/sciencedirect?query=Overview+of+ROMCIR+2022%3A+The+2ndWorkshop+on+Reducing+Online+Misinformation+through+Credible+Information+Retrieval
2022-07-20 14:50:37,210 - elsapy.elsclient - INFO - Module loaded.
2022-07-20 14:50:37,733 - elsapy.elsentity - INFO - Module loaded.
2022-07-20 14:50:37,734 - elsapy.utils - INFO - Module loaded.
2022-07-20 14:50:37,735 - elsapy.elsprofile - INFO - Module loaded.
2022-07-20 14:50:37,736 - elsapy.elsdoc - INFO - Module loaded.
2022-07-20 14:50:37,737 - elsapy.elssearch - INFO - Module loaded.
2022-07-20 14:50:38,225 - elsapy.elsclient - INFO - Sending GET request to https://api.elsevier.com/content/search/sciencedirect?query=Overview+of+ROMCIR+2022%3A+The+2ndWorkshop+on+Reducing+Online+Misinformation+through+Credible+Information+Retrieval
2022-07-20 14:51:09,581 - elsapy.elsclient - INFO - Module loaded.
2022-07-20 14:51:10,084 - elsapy.elsentity - INFO - Module loaded.
2022-07-20 14:51:10,085 - elsapy.utils - INFO - Module loaded.
2022-07-20 14:51:10,086 - elsapy.elsprofile - INFO - Module loaded.
2022-07-20 14:51:10,087 - elsapy.elsdoc - INFO - Module loaded.
2022-07-20 14:51:10,088 - elsapy.elssearch - INFO - Module loaded.
2022-07-20 14:51:10,589 - elsapy.elsclient - INFO - Sending GET request to https://api.elsevier.com/content/search/sciencedirect?query=Automated+bot+detection+based+on+coherence+metric
2022-07-20 14:51:10,904 - elsapy.utils - INFO - Converting prism:coverDate
2022-07-20 14:51:58,527 - elsapy.elsclient - INFO - Module loaded.
2022-07-20 14:51:59,043 - elsapy.elsentity - INFO - Module loaded.
2022-07-20 14:51:59,044 - elsapy.utils - INFO - Module loaded.
2022-07-20 14:51:59,045 - elsapy.elsprofile - INFO - Module loaded.
2022-07-20 14:51:59,046 - elsapy.elsdoc - INFO - Module loaded.
2022-07-20 14:51:59,047 - elsapy.elssearch - INFO - Module loaded.
2022-07-20 14:51:59,542 - elsapy.elsclient - INFO - Sending GET request to https://api.elsevier.com/content/search/sciencedirect?query=Deepfakes%3A+A+Digital+Transformation+Leads+to+Misinformation
2022-07-20 14:52:00,142 - elsapy.utils - INFO - Converting prism:coverDate
2022-07-20 14:54:07,749 - elsapy.elsclient - INFO - Module loaded.
2022-07-20 14:54:08,282 - elsapy.elsentity - INFO - Module loaded.
2022-07-20 14:54:08,283 - elsapy.utils - INFO - Module loaded.
2022-07-20 14:54:08,283 - elsapy.elsprofile - INFO - Module loaded.
2022-07-20 14:54:08,284 - elsapy.elsdoc - INFO - Module loaded.
2022-07-20 14:54:08,285 - elsapy.elssearch - INFO - Module loaded.
2022-07-20 14:54:08,757 - elsapy.elsclient - INFO - Sending GET request to https://api.elsevier.com/content/search/sciencedirect?query=Deepfakes%3A+A+Digital+Transformation+Leads+to+MisinformationAND+AUTHOR-NAME%28Nour%29
2022-07-20 14:54:25,309 - elsapy.elsclient - INFO - Module loaded.
2022-07-20 14:54:25,824 - elsapy.elsentity - INFO - Module loaded.
2022-07-20 14:54:25,825 - elsapy.utils - INFO - Module loaded.
2022-07-20 14:54:25,825 - elsapy.elsprofile - INFO - Module loaded.
2022-07-20 14:54:25,826 - elsapy.elsdoc - INFO - Module loaded.
2022-07-20 14:54:25,827 - elsapy.elssearch - INFO - Module loaded.
2022-07-20 14:54:26,318 - elsapy.elsclient - INFO - Sending GET request to https://api.elsevier.com/content/search/scopus?query=Deepfakes%3A+A+Digital+Transformation+Leads+to+MisinformationAND+AUTHOR-NAME%28Nour%29
2022-07-20 14:54:45,812 - elsapy.elsclient - INFO - Module loaded.
2022-07-20 14:54:46,437 - elsapy.elsentity - INFO - Module loaded.
2022-07-20 14:54:46,438 - elsapy.utils - INFO - Module loaded.
2022-07-20 14:54:46,438 - elsapy.elsprofile - INFO - Module loaded.
2022-07-20 14:54:46,440 - elsapy.elsdoc - INFO - Module loaded.
2022-07-20 14:54:46,441 - elsapy.elssearch - INFO - Module loaded.
2022-07-20 14:54:46,813 - elsapy.elsclient - INFO - Sending GET request to https://api.elsevier.com/content/search/scopus?query=Deepfakes%3A+A+Digital+Transformation+Leads+to+Misinformation
2022-07-20 14:54:47,778 - elsapy.utils - INFO - Converting prism:coverDate
2022-07-20 14:56:52,019 - elsapy.elsclient - INFO - Module loaded.
2022-07-20 14:56:52,560 - elsapy.elsentity - INFO - Module loaded.
2022-07-20 14:56:52,561 - elsapy.utils - INFO - Module loaded.
2022-07-20 14:56:52,561 - elsapy.elsprofile - INFO - Module loaded.
2022-07-20 14:56:52,563 - elsapy.elsdoc - INFO - Module loaded.
2022-07-20 14:56:52,564 - elsapy.elssearch - INFO - Module loaded.
2022-07-20 14:56:53,027 - elsapy.elsclient - INFO - Sending GET request to https://api.elsevier.com/content/search/scopus?query=Protecting+Democracy+from+Disinformation%3A+Normative+Threats+and+Policy+Responses
2022-07-20 14:56:54,387 - elsapy.utils - INFO - Converting prism:coverDate
2022-07-20 15:10:23,681 - elsapy.elsclient - INFO - Module loaded.
2022-07-20 15:10:24,534 - elsapy.elsentity - INFO - Module loaded.
2022-07-20 15:10:24,535 - elsapy.utils - INFO - Module loaded.
2022-07-20 15:10:24,536 - elsapy.elsprofile - INFO - Module loaded.
2022-07-20 15:10:24,538 - elsapy.elsdoc - INFO - Module loaded.
2022-07-20 15:10:24,539 - elsapy.elssearch - INFO - Module loaded.
2022-07-20 15:12:05,849 - elsapy.elsclient - INFO - Module loaded.
2022-07-20 15:12:06,380 - elsapy.elsentity - INFO - Module loaded.
2022-07-20 15:12:06,381 - elsapy.utils - INFO - Module loaded.
2022-07-20 15:12:06,381 - elsapy.elsprofile - INFO - Module loaded.
2022-07-20 15:12:06,382 - elsapy.elsdoc - INFO - Module loaded.
2022-07-20 15:12:06,383 - elsapy.elssearch - INFO - Module loaded.
2022-07-20 15:30:58,781 - elsapy.elsclient - INFO - Module loaded.
2022-07-20 15:30:59,614 - elsapy.elsentity - INFO - Module loaded.
2022-07-20 15:30:59,616 - elsapy.utils - INFO - Module loaded.
2022-07-20 15:30:59,616 - elsapy.elsprofile - INFO - Module loaded.
2022-07-20 15:30:59,618 - elsapy.elsdoc - INFO - Module loaded.
2022-07-20 15:30:59,619 - elsapy.elssearch - INFO - Module loaded.
2022-07-20 15:33:19,178 - elsapy.elsclient - INFO - Module loaded.
2022-07-20 15:33:19,735 - elsapy.elsentity - INFO - Module loaded.
2022-07-20 15:33:19,736 - elsapy.utils - INFO - Module loaded.
2022-07-20 15:33:19,737 - elsapy.elsprofile - INFO - Module loaded.
2022-07-20 15:33:19,738 - elsapy.elsdoc - INFO - Module loaded.
2022-07-20 15:33:19,739 - elsapy.elssearch - INFO - Module loaded.
2022-07-20 15:34:25,698 - elsapy.elsclient - INFO - Module loaded.
2022-07-20 15:34:26,211 - elsapy.elsentity - INFO - Module loaded.
2022-07-20 15:34:26,212 - elsapy.utils - INFO - Module loaded.
2022-07-20 15:34:26,212 - elsapy.elsprofile - INFO - Module loaded.
2022-07-20 15:34:26,213 - elsapy.elsdoc - INFO - Module loaded.
2022-07-20 15:34:26,214 - elsapy.elssearch - INFO - Module loaded.
2022-07-20 15:40:06,662 - elsapy.elsclient - INFO - Module loaded.
2022-07-20 15:40:07,194 - elsapy.elsentity - INFO - Module loaded.
2022-07-20 15:40:07,195 - elsapy.utils - INFO - Module loaded.
2022-07-20 15:40:07,195 - elsapy.elsprofile - INFO - Module loaded.
2022-07-20 15:40:07,196 - elsapy.elsdoc - INFO - Module loaded.
2022-07-20 15:40:07,197 - elsapy.elssearch - INFO - Module loaded.
2022-07-20 15:40:59,843 - elsapy.elsclient - INFO - Module loaded.
2022-07-20 15:41:00,371 - elsapy.elsentity - INFO - Module loaded.
2022-07-20 15:41:00,372 - elsapy.utils - INFO - Module loaded.
2022-07-20 15:41:00,373 - elsapy.elsprofile - INFO - Module loaded.
2022-07-20 15:41:00,374 - elsapy.elsdoc - INFO - Module loaded.
2022-07-20 15:41:00,375 - elsapy.elssearch - INFO - Module loaded.
2022-07-20 15:41:58,746 - elsapy.elsclient - INFO - Module loaded.
2022-07-20 15:41:59,258 - elsapy.elsentity - INFO - Module loaded.
2022-07-20 15:41:59,259 - elsapy.utils - INFO - Module loaded.
2022-07-20 15:41:59,260 - elsapy.elsprofile - INFO - Module loaded.
2022-07-20 15:41:59,261 - elsapy.elsdoc - INFO - Module loaded.
2022-07-20 15:41:59,262 - elsapy.elssearch - INFO - Module loaded.
2022-07-20 15:42:24,852 - elsapy.elsclient - INFO - Module loaded.
2022-07-20 15:42:25,379 - elsapy.elsentity - INFO - Module loaded.
2022-07-20 15:42:25,380 - elsapy.utils - INFO - Module loaded.
2022-07-20 15:42:25,380 - elsapy.elsprofile - INFO - Module loaded.
2022-07-20 15:42:25,382 - elsapy.elsdoc - INFO - Module loaded.
2022-07-20 15:42:25,383 - elsapy.elssearch - INFO - Module loaded.
2022-07-20 15:43:16,933 - elsapy.elsclient - INFO - Module loaded.
2022-07-20 15:43:17,442 - elsapy.elsentity - INFO - Module loaded.
2022-07-20 15:43:17,443 - elsapy.utils - INFO - Module loaded.
2022-07-20 15:43:17,443 - elsapy.elsprofile - INFO - Module loaded.
2022-07-20 15:43:17,444 - elsapy.elsdoc - INFO - Module loaded.
2022-07-20 15:43:17,445 - elsapy.elssearch - INFO - Module loaded.
2022-07-20 15:49:07,030 - elsapy.elsclient - INFO - Module loaded.
2022-07-20 15:49:07,564 - elsapy.elsentity - INFO - Module loaded.
2022-07-20 15:49:07,565 - elsapy.utils - INFO - Module loaded.
2022-07-20 15:49:07,566 - elsapy.elsprofile - INFO - Module loaded.
2022-07-20 15:49:07,567 - elsapy.elsdoc - INFO - Module loaded.
2022-07-20 15:49:07,568 - elsapy.elssearch - INFO - Module loaded.
2022-07-20 15:55:22,350 - elsapy.elsclient - INFO - Module loaded.
2022-07-20 15:55:22,882 - elsapy.elsentity - INFO - Module loaded.
2022-07-20 15:55:22,883 - elsapy.utils - INFO - Module loaded.
2022-07-20 15:55:22,884 - elsapy.elsprofile - INFO - Module loaded.
2022-07-20 15:55:22,885 - elsapy.elsdoc - INFO - Module loaded.
2022-07-20 15:55:22,886 - elsapy.elssearch - INFO - Module loaded.
2022-07-20 15:55:31,584 - elsapy.elsclient - INFO - Module loaded.
2022-07-20 15:55:32,095 - elsapy.elsentity - INFO - Module loaded.
2022-07-20 15:55:32,096 - elsapy.utils - INFO - Module loaded.
2022-07-20 15:55:32,097 - elsapy.elsprofile - INFO - Module loaded.
2022-07-20 15:55:32,098 - elsapy.elsdoc - INFO - Module loaded.
2022-07-20 15:55:32,099 - elsapy.elssearch - INFO - Module loaded.
